<?xml version="1.0" encoding="UTF-8"?>
<!-- Generated by org.testng.reporters.JUnitReportReporter -->
<testsuite hostname="saurabhsoni" failures="0" tests="2" name="tests.BoultLoginTest" time="51.046" errors="0" timestamp="11 Nov 2020 13:11:31 GMT" skipped="0">
  <testcase classname="tests.BoultLoginTest" name="invalidLogin" time="25.152"/>
  <testcase classname="tests.BoultLoginTest" name="validLogin" time="25.894"/>
</testsuite> <!-- tests.BoultLoginTest -->
